<?xml version="1.0" encoding="UTF-8"?>
<!-- Generated by org.testng.reporters.JUnitReportReporter -->
<testsuite skipped="0" hostname="INCNU4129FFM" name="test.TwoTest" tests="1" failures="0" timestamp="2020-11-16T15:41:06 IST" time="12.637" errors="0">
  <testcase name="TestTwo" time="12.637" classname="test.TwoTest"/>
  <system-out/>
</testsuite> <!-- test.TwoTest -->
