<?xml version="1.0" encoding="UTF-8"?>
<!-- Generated by org.testng.reporters.JUnitReportReporter -->
<testsuite skipped="0" hostname="INCNU4129FFM" name="test.LoginTest" tests="2" failures="0" timestamp="2020-11-16T15:41:06 IST" time="42.340" errors="0">
  <testcase name="login" time="24.013" classname="test.LoginTest"/>
  <system-out/>
  <testcase name="login" time="18.327" classname="test.LoginTest"/>
  <system-out/>
</testsuite> <!-- test.LoginTest -->
