<?xml version="1.0" encoding="UTF-8"?>
<!-- Generated by org.testng.reporters.JUnitReportReporter -->
<testsuite skipped="0" hostname="INCNU4129FFM" name="test.ThreeTest" tests="1" failures="0" timestamp="2020-11-16T15:41:06 IST" time="22.085" errors="0">
  <testcase name="TestThree" time="22.085" classname="test.ThreeTest"/>
  <system-out/>
</testsuite> <!-- test.ThreeTest -->
